<?xml version="1.0" encoding="UTF-8"?>
<!-- Generated by org.testng.reporters.JUnitReportReporter -->
<testsuite hostname="Tejovani" failures="0" tests="1" name="testWebsite.LoginPage" time="14.540" errors="0" timestamp="2025-03-28T17:57:45 IST" skipped="0">
  <testcase classname="testWebsite.LoginPage" name="TestWebsite" time="14.540"/>
</testsuite> <!-- testWebsite.LoginPage -->
