<?xml version="1.0" encoding="UTF-8"?>
<!-- Generated by org.testng.reporters.JUnitReportReporter -->
<testsuite hostname="Tejovani" failures="0" tests="1" name="testWebsite.LoginPage" time="15.164" errors="0" timestamp="2025-03-28T16:56:09 IST" skipped="0">
  <testcase classname="testWebsite.LoginPage" name="TestWebsite" time="15.164"/>
</testsuite> <!-- testWebsite.LoginPage -->
