<?xml version="1.0" encoding="UTF-8"?>
<!-- Generated by org.testng.reporters.JUnitReportReporter -->
<testsuite hostname="Tejovani" failures="0" tests="1" name="testWebsite.LoginPage" time="14.634" errors="0" timestamp="2025-03-27T14:40:22 IST" skipped="0">
  <testcase classname="testWebsite.LoginPage" name="TestWebsite" time="14.634"/>
</testsuite> <!-- testWebsite.LoginPage -->
